0 silly argv {
0 silly argv   _: [ 'add' ],
0 silly argv   scope: 'utils',
0 silly argv   globs: [],
0 silly argv   lernaVersion: '4.0.0',
0 silly argv   '$0': '/opt/homebrew/bin/lerna',
0 silly argv   pkg: 'jquery'
0 silly argv }
1 notice cli v4.0.0
2 verbose rootPath /Users/dengxiaopang/Desktop/github/lerna-study
3 error Error: Invalid package name "@utils": name can only contain URL-friendly characters
3 error     at invalidPackageName (/Users/dengxiaopang/.config/yarn/global/node_modules/npm-package-arg/npa.js:84:15)
3 error     at Result.setName (/Users/dengxiaopang/.config/yarn/global/node_modules/npm-package-arg/npa.js:119:11)
3 error     at new Result (/Users/dengxiaopang/.config/yarn/global/node_modules/npm-package-arg/npa.js:110:10)
3 error     at Function.resolve (/Users/dengxiaopang/.config/yarn/global/node_modules/npm-package-arg/npa.js:54:15)
3 error     at /Users/dengxiaopang/.config/yarn/global/node_modules/@lerna/package-graph/index.js:66:30
3 error     at Array.forEach (<anonymous>)
3 error     at /Users/dengxiaopang/.config/yarn/global/node_modules/@lerna/package-graph/index.js:60:38
3 error     at Map.forEach (<anonymous>)
3 error     at new PackageGraph (/Users/dengxiaopang/.config/yarn/global/node_modules/@lerna/package-graph/index.js:49:10)
